WatchFace/Application/build/outputs/logs/manifest-merger-debug-report.txt
-- Merging decision tree log ---
manifest
ADDED from src/main/AndroidManifest.xml:17:1-91:12
	package
		ADDED from src/main/AndroidManifest.xml:18:9-57
	xmlns:android
		ADDED from src/main/AndroidManifest.xml:17:11-69
uses-sdk
ADDED from src/main/AndroidManifest.xml:20:5-21:47
MERGED from [com.android.support:support-v13:24.2.1] AndroidManifest.xml:21:5-23:55
MERGED from [com.android.support:support-v4:24.2.1] AndroidManifest.xml:21:5-23:54
MERGED from [com.android.support:support-compat:24.2.1] AndroidManifest.xml:21:5-23:58
MERGED from [com.android.support:support-media-compat:24.2.1] AndroidManifest.xml:21:5-23:63
MERGED from [com.android.support:support-core-utils:24.2.1] AndroidManifest.xml:21:5-23:61
MERGED from [com.android.support:support-core-ui:24.2.1] AndroidManifest.xml:21:5-23:58
MERGED from [com.android.support:support-fragment:24.2.1] AndroidManifest.xml:21:5-23:60
MERGED from [com.android.support:cardview-v7:24.2.1] AndroidManifest.xml:20:5-43
MERGED from [com.android.support:appcompat-v7:24.2.1] AndroidManifest.xml:21:5-23:78
MERGED from [com.android.support:support-vector-drawable:24.2.1] AndroidManifest.xml:21:5-43
MERGED from [com.android.support:animated-vector-drawable:24.2.1] AndroidManifest.xml:20:5-44
MERGED from [com.google.android.support:wearable:1.4.0] AndroidManifest.xml:4:5-6:41
MERGED from [com.android.support:recyclerview-v7:23.0.1] AndroidManifest.xml:20:5-43
MERGED from [com.google.android.gms:play-services-fitness:9.4.0] AndroidManifest.xml:18:5-42
MERGED from [com.google.android.gms:play-services-base:9.4.0] AndroidManifest.xml:18:5-42
MERGED from [com.google.android.gms:play-services-basement:9.4.0] AndroidManifest.xml:18:5-42
MERGED from [com.google.android.gms:play-services-tasks:9.4.0] AndroidManifest.xml:4:5-43
MERGED from [com.google.android.gms:play-services-location:9.4.0] AndroidManifest.xml:18:5-42
MERGED from [com.google.android.gms:play-services-wearable:9.4.0] AndroidManifest.xml:18:5-42
	tools:overrideLibrary
		ADDED from [com.android.support:support-v13:24.2.1] AndroidManifest.xml:23:9-52
	android:targetSdkVersion
		ADDED from src/main/AndroidManifest.xml:21:15-44
		INJECTED from src/main/AndroidManifest.xml
		INJECTED from src/main/AndroidManifest.xml
	android:minSdkVersion
		ADDED from src/main/AndroidManifest.xml:20:15-41
		INJECTED from src/main/AndroidManifest.xml
		INJECTED from src/main/AndroidManifest.xml
uses-permission#android.permission.WAKE_LOCK
ADDED from src/main/AndroidManifest.xml:24:5-68
	android:name
		ADDED from src/main/AndroidManifest.xml:24:22-65
uses-permission#android.permission.READ_CALENDAR
ADDED from src/main/AndroidManifest.xml:28:5-72
	android:name
		ADDED from src/main/AndroidManifest.xml:28:22-69
uses-permission#android.permission.ACCESS_FINE_LOCATION
ADDED from src/main/AndroidManifest.xml:31:5-79
	android:name
		ADDED from src/main/AndroidManifest.xml:31:22-76
application
ADDED from src/main/AndroidManifest.xml:36:5-89:19
MERGED from [com.android.support:support-v13:24.2.1] AndroidManifest.xml:25:5-20
MERGED from [com.android.support:support-v4:24.2.1] AndroidManifest.xml:25:5-20
MERGED from [com.android.support:support-compat:24.2.1] AndroidManifest.xml:25:5-20
MERGED from [com.android.support:support-media-compat:24.2.1] AndroidManifest.xml:25:5-20
MERGED from [com.android.support:support-core-utils:24.2.1] AndroidManifest.xml:25:5-20
MERGED from [com.android.support:support-core-ui:24.2.1] AndroidManifest.xml:25:5-20
MERGED from [com.android.support:support-fragment:24.2.1] AndroidManifest.xml:25:5-20
MERGED from [com.android.support:cardview-v7:24.2.1] AndroidManifest.xml:22:5-20
MERGED from [com.android.support:appcompat-v7:24.2.1] AndroidManifest.xml:25:5-20
MERGED from [com.android.support:support-vector-drawable:24.2.1] AndroidManifest.xml:23:5-20
MERGED from [com.android.support:animated-vector-drawable:24.2.1] AndroidManifest.xml:22:5-20
MERGED from [com.google.android.support:wearable:1.4.0] AndroidManifest.xml:8:5-20
MERGED from [com.google.android.gms:play-services-fitness:9.4.0] AndroidManifest.xml:19:5-20
MERGED from [com.google.android.gms:play-services-base:9.4.0] AndroidManifest.xml:19:5-23:19
MERGED from [com.google.android.gms:play-services-basement:9.4.0] AndroidManifest.xml:20:5-24:19
MERGED from [com.google.android.gms:play-services-tasks:9.4.0] AndroidManifest.xml:5:5-20
MERGED from [com.google.android.gms:play-services-location:9.4.0] AndroidManifest.xml:19:5-20
MERGED from [com.google.android.gms:play-services-wearable:9.4.0] AndroidManifest.xml:19:5-20
	android:label
		ADDED from src/main/AndroidManifest.xml:39:13-45
	android:allowBackup
		ADDED from src/main/AndroidManifest.xml:37:13-39
	android:icon
		ADDED from src/main/AndroidManifest.xml:38:13-49
	android:theme
		ADDED from src/main/AndroidManifest.xml:40:13-44
activity#com.example.android.wearable.watchface.AnalogAndCardBoundsWatchFaceConfigActivity
ADDED from src/main/AndroidManifest.xml:42:9-51:20
	android:label
		ADDED from src/main/AndroidManifest.xml:44:17-49
	android:name
		ADDED from src/main/AndroidManifest.xml:43:17-75
intent-filter#android.intent.category.DEFAULT+com.example.android.wearable.watchface.CONFIG_ANALOG+com.example.android.wearable.watchface.CONFIG_CARD_BOUNDS+com.google.android.wearable.watchface.category.COMPANION_CONFIGURATION
ADDED from src/main/AndroidManifest.xml:45:13-50:29
action#com.example.android.wearable.watchface.CONFIG_ANALOG
ADDED from src/main/AndroidManifest.xml:46:17-95
	android:name
		ADDED from src/main/AndroidManifest.xml:46:25-92
action#com.example.android.wearable.watchface.CONFIG_CARD_BOUNDS
ADDED from src/main/AndroidManifest.xml:47:17-100
	android:name
		ADDED from src/main/AndroidManifest.xml:47:25-97
category#com.google.android.wearable.watchface.category.COMPANION_CONFIGURATION
ADDED from src/main/AndroidManifest.xml:48:17-115
	android:name
		ADDED from src/main/AndroidManifest.xml:48:27-112
category#android.intent.category.DEFAULT
ADDED from src/main/AndroidManifest.xml:49:17-76
	android:name
		ADDED from src/main/AndroidManifest.xml:49:27-73
activity#com.example.android.wearable.watchface.DigitalWatchFaceCompanionConfigActivity
ADDED from src/main/AndroidManifest.xml:53:9-61:20
	android:label
		ADDED from src/main/AndroidManifest.xml:55:17-49
	android:name
		ADDED from src/main/AndroidManifest.xml:54:17-72
intent-filter#android.intent.category.DEFAULT+com.example.android.wearable.watchface.CONFIG_DIGITAL+com.google.android.wearable.watchface.category.COMPANION_CONFIGURATION
ADDED from src/main/AndroidManifest.xml:56:13-60:29
action#com.example.android.wearable.watchface.CONFIG_DIGITAL
ADDED from src/main/AndroidManifest.xml:57:17-96
	android:name
		ADDED from src/main/AndroidManifest.xml:57:25-93
activity#com.example.android.wearable.watchface.FitDistanceWatchFaceConfigActivity
ADDED from src/main/AndroidManifest.xml:65:9-73:20
	android:label
		ADDED from src/main/AndroidManifest.xml:67:13-45
	android:name
		ADDED from src/main/AndroidManifest.xml:66:13-63
intent-filter#android.intent.category.DEFAULT+com.example.android.wearable.watchface.CONFIG_FIT_DISTANCE+com.google.android.wearable.watchface.category.COMPANION_CONFIGURATION
ADDED from src/main/AndroidManifest.xml:68:13-72:29
action#com.example.android.wearable.watchface.CONFIG_FIT_DISTANCE
ADDED from src/main/AndroidManifest.xml:69:17-101
	android:name
		ADDED from src/main/AndroidManifest.xml:69:25-98
activity#com.example.android.wearable.watchface.OpenGLWatchFaceConfigActivity
ADDED from src/main/AndroidManifest.xml:75:9-83:20
	android:label
		ADDED from src/main/AndroidManifest.xml:77:17-49
	android:name
		ADDED from src/main/AndroidManifest.xml:76:17-62
intent-filter#android.intent.category.DEFAULT+com.example.android.wearable.watchface.CONFIG_OPENGL+com.google.android.wearable.watchface.category.COMPANION_CONFIGURATION
ADDED from src/main/AndroidManifest.xml:78:13-82:29
action#com.example.android.wearable.watchface.CONFIG_OPENGL
ADDED from src/main/AndroidManifest.xml:79:17-95
	android:name
		ADDED from src/main/AndroidManifest.xml:79:25-92
meta-data#com.google.android.gms.version
ADDED from src/main/AndroidManifest.xml:85:9-87:73
MERGED from [com.google.android.gms:play-services-basement:9.4.0] AndroidManifest.xml:21:9-23:69
	android:value
		ADDED from src/main/AndroidManifest.xml:87:17-70
	android:name
		ADDED from src/main/AndroidManifest.xml:86:17-62
activity#com.google.android.gms.common.api.GoogleApiActivity
ADDED from [com.google.android.gms:play-services-base:9.4.0] AndroidManifest.xml:20:9-22:45
	android:exported
		ADDED from [com.google.android.gms:play-services-base:9.4.0] AndroidManifest.xml:22:19-43
	android:theme
		ADDED from [com.google.android.gms:play-services-base:9.4.0] AndroidManifest.xml:21:19-78
	android:name
		ADDED from [com.google.android.gms:play-services-base:9.4.0] AndroidManifest.xml:20:19-85